Report flow stats +1400.000000ms, Current measuring time +100.000000ms
	Flow 1 (14.0.0.5:2123 -> 14.0.0.6:2123) proto UDP
		Tx Packets: 60
		Tx Bytes:   8760
		TxOffered:  0.070080 Mbps
		Rx Packets: 0
		Rx Bytes:   0
		RxDuration: 0.000000 s
		Throughput: 0.000000 Mbps
		Mean delay: +0.000000ms 
		Last packet delay: +0.000000ms 
		Mean jitter: +0.000000ms
	Flow 2 (14.0.0.5:2152 -> 14.0.0.6:2152) proto UDP
		Tx Packets: 60
		Tx Bytes:   7440
		TxOffered:  0.059520 Mbps
		Rx Packets: 0
		Rx Bytes:   0
		RxDuration: 0.000000 s
		Throughput: 0.000000 Mbps
		Mean delay: +0.000000ms 
		Last packet delay: +0.000000ms 
		Mean jitter: +0.000000ms
	Flow 3 (10.0.2.2:49153 -> 7.0.0.2:2000) proto UDP
		Tx Packets: 1007
		Tx Bytes:   1486332
		TxOffered:  11.890656 Mbps
		Rx Packets: 6
		Rx Bytes:   8856
		RxDuration: 1.000000 s
		Throughput: 0.070848 Mbps
		Mean delay: +28.736901ms 
		Last packet delay: +30.992853ms 
		Mean jitter: +0.916667ms
	Flow 4 (10.0.2.2:49154 -> 7.0.0.3:2000) proto UDP
		Tx Packets: 821
		Tx Bytes:   1211796
		TxOffered:  9.694368 Mbps
		Rx Packets: 10
		Rx Bytes:   14760
		RxDuration: 1.000000 s
		Throughput: 0.118080 Mbps
		Mean delay: +19.364282ms 
		Last packet delay: +31.528567ms 
		Mean jitter: +2.660714ms
	Flow 5 (10.0.2.2:49155 -> 7.0.0.4:2000) proto UDP
		Tx Packets: 1138
		Tx Bytes:   1679688
		TxOffered:  13.437504 Mbps
		Rx Packets: 15
		Rx Bytes:   22140
		RxDuration: 1.000000 s
		Throughput: 0.177120 Mbps
		Mean delay: +13.023806ms 
		Last packet delay: +23.992853ms 
		Mean jitter: +1.402381ms
	Flow 6 (10.0.2.2:49156 -> 7.0.0.5:2000) proto UDP
		Tx Packets: 1577
		Tx Bytes:   2327652
		TxOffered:  18.621216 Mbps
		Rx Packets: 11
		Rx Bytes:   16236
		RxDuration: 1.000000 s
		Throughput: 0.129888 Mbps
		Mean delay: +16.278567ms 
		Last packet delay: +29.564281ms 
		Mean jitter: +2.324675ms
	Flow 7 (10.0.2.2:49157 -> 7.0.0.6:2000) proto UDP
		Tx Packets: 801
		Tx Bytes:   1182276
		TxOffered:  9.458208 Mbps
		Rx Packets: 14
		Rx Bytes:   20664
		RxDuration: 1.000000 s
		Throughput: 0.165312 Mbps
		Mean delay: +12.311730ms 
		Last packet delay: +22.028567ms 
		Mean jitter: +1.357143ms
	Flow 8 (10.0.2.2:49158 -> 7.0.0.7:2000) proto UDP
		Tx Packets: 688
		Tx Bytes:   1015488
		TxOffered:  8.123904 Mbps
		Rx Packets: 15
		Rx Bytes:   22140
		RxDuration: 1.000000 s
		Throughput: 0.177120 Mbps
		Mean delay: +13.128567ms 
		Last packet delay: +24.064281ms 
		Mean jitter: +1.400000ms
	Flow 9 (10.0.2.2:49159 -> 7.0.0.8:2000) proto UDP
		Tx Packets: 1150
		Tx Bytes:   1697400
		TxOffered:  13.579200 Mbps
		Rx Packets: 6
		Rx Bytes:   8856
		RxDuration: 1.000000 s
		Throughput: 0.070848 Mbps
		Mean delay: +26.236903ms 
		Last packet delay: +29.671427ms 
		Mean jitter: +1.232143ms
	Flow 10 (10.0.2.2:49160 -> 7.0.0.9:2000) proto UDP
		Tx Packets: 1315
		Tx Bytes:   1940940
		TxOffered:  15.527520 Mbps
		Rx Packets: 14
		Rx Bytes:   20664
		RxDuration: 1.000000 s
		Throughput: 0.165312 Mbps
		Mean delay: +12.130609ms 
		Last packet delay: +21.778569ms 
		Mean jitter: +1.352041ms
	Flow 11 (10.0.2.2:49161 -> 7.0.0.10:2000) proto UDP
		Tx Packets: 1307
		Tx Bytes:   1929132
		TxOffered:  15.433056 Mbps
		Rx Packets: 11
		Rx Bytes:   16236
		RxDuration: 1.000000 s
		Throughput: 0.129888 Mbps
		Mean delay: +15.918179ms 
		Last packet delay: +28.707141ms 
		Mean jitter: +2.262987ms
	Flow 12 (10.0.2.2:49162 -> 7.0.0.11:2000) proto UDP
		Tx Packets: 3169
		Tx Bytes:   4677444
		TxOffered:  37.419552 Mbps
		Rx Packets: 15
		Rx Bytes:   22140
		RxDuration: 1.000000 s
		Throughput: 0.177120 Mbps
		Mean delay: +12.835712ms 
		Last packet delay: +23.707141ms 
		Mean jitter: +1.395238ms
	Flow 13 (10.0.2.2:49163 -> 7.0.0.12:2000) proto UDP
		Tx Packets: 1013
		Tx Bytes:   1495188
		TxOffered:  11.961504 Mbps
		Rx Packets: 15
		Rx Bytes:   22140
		RxDuration: 1.000000 s
		Throughput: 0.177120 Mbps
		Mean delay: +12.799998ms 
		Last packet delay: +23.671427ms 
		Mean jitter: +1.395238ms
	Flow 14 (10.0.2.2:49164 -> 7.0.0.13:2000) proto UDP
		Tx Packets: 904
		Tx Bytes:   1334304
		TxOffered:  10.674432 Mbps
		Rx Packets: 13
		Rx Bytes:   19188
		RxDuration: 1.000000 s
		Throughput: 0.153504 Mbps
		Mean delay: +11.245603ms 
		Last packet delay: +20.207141ms 
		Mean jitter: +1.346154ms
	Flow 15 (10.0.2.2:49165 -> 7.0.0.14:2000) proto UDP
		Tx Packets: 1879
		Tx Bytes:   2773404
		TxOffered:  22.187232 Mbps
		Rx Packets: 14
		Rx Bytes:   20664
		RxDuration: 1.000000 s
		Throughput: 0.165312 Mbps
		Mean delay: +14.957141ms 
		Last packet delay: +29.171427ms 
		Mean jitter: +1.857143ms
	Flow 16 (10.0.2.2:49166 -> 7.0.0.15:2000) proto UDP
		Tx Packets: 2569
		Tx Bytes:   3791844
		TxOffered:  30.334752 Mbps
		Rx Packets: 6
		Rx Bytes:   8856
		RxDuration: 1.000000 s
		Throughput: 0.070848 Mbps
		Mean delay: +28.778568ms 
		Last packet delay: +31.492853ms 
		Mean jitter: +1.005952ms
	Flow 17 (10.0.2.2:49167 -> 7.0.0.16:2000) proto UDP
		Tx Packets: 1564
		Tx Bytes:   2308464
		TxOffered:  18.467712 Mbps
		Rx Packets: 6
		Rx Bytes:   8856
		RxDuration: 1.000000 s
		Throughput: 0.070848 Mbps
		Mean delay: +28.736901ms 
		Last packet delay: +31.457139ms 
		Mean jitter: +1.005952ms
	Flow 18 (10.0.2.2:49168 -> 7.0.0.17:2000) proto UDP
		Tx Packets: 1470
		Tx Bytes:   2169720
		TxOffered:  17.357760 Mbps
		Rx Packets: 6
		Rx Bytes:   8856
		RxDuration: 1.000000 s
		Throughput: 0.070848 Mbps
		Mean delay: +26.373806ms 
		Last packet delay: +29.814283ms 
		Mean jitter: +1.238095ms
	Flow 19 (10.0.2.2:49169 -> 7.0.0.18:2000) proto UDP
		Tx Packets: 2103
		Tx Bytes:   3104028
		TxOffered:  24.832224 Mbps
		Rx Packets: 15
		Rx Bytes:   22140
		RxDuration: 1.000000 s
		Throughput: 0.177120 Mbps
		Mean delay: +13.499996ms 
		Last packet delay: +23.885711ms 
		Mean jitter: +1.400000ms
	Flow 20 (10.0.2.2:49170 -> 7.0.0.19:2000) proto UDP
		Tx Packets: 811
		Tx Bytes:   1197036
		TxOffered:  9.576288 Mbps
		Rx Packets: 6
		Rx Bytes:   8856
		RxDuration: 1.000000 s
		Throughput: 0.070848 Mbps
		Mean delay: +28.671426ms 
		Last packet delay: +31.421425ms 
		Mean jitter: +1.011905ms
	Flow 21 (10.0.2.2:49171 -> 7.0.0.20:2000) proto UDP
		Tx Packets: 1023
		Tx Bytes:   1509948
		TxOffered:  12.079584 Mbps
		Rx Packets: 6
		Rx Bytes:   8856
		RxDuration: 1.000000 s
		Throughput: 0.070848 Mbps
		Mean delay: +29.391664ms 
		Last packet delay: +31.671427ms 
		Mean jitter: +1.059524ms
	Flow 22 (10.0.2.2:49172 -> 7.0.0.21:2000) proto UDP
		Tx Packets: 1064
		Tx Bytes:   1570464
		TxOffered:  12.563712 Mbps
		Rx Packets: 6
		Rx Bytes:   8856
		RxDuration: 1.000000 s
		Throughput: 0.070848 Mbps
		Mean delay: +27.344045ms 
		Last packet delay: +30.671427ms 
		Mean jitter: +1.142857ms
	Flow 23 (10.0.2.2:49173 -> 7.0.0.22:2000) proto UDP
		Tx Packets: 1011
		Tx Bytes:   1492236
		TxOffered:  11.937888 Mbps
		Rx Packets: 6
		Rx Bytes:   8856
		RxDuration: 1.000000 s
		Throughput: 0.070848 Mbps
		Mean delay: +31.623805ms 
		Last packet delay: +35.064281ms 
		Mean jitter: +1.095238ms
	Flow 24 (10.0.2.2:49174 -> 7.0.0.23:2000) proto UDP
		Tx Packets: 1451
		Tx Bytes:   2141676
		TxOffered:  17.133408 Mbps
		Rx Packets: 11
		Rx Bytes:   16236
		RxDuration: 1.000000 s
		Throughput: 0.129888 Mbps
		Mean delay: +15.970126ms 
		Last packet delay: +27.957139ms 
		Mean jitter: +2.230519ms
	Flow 25 (10.0.2.2:49175 -> 7.0.0.24:2000) proto UDP
		Tx Packets: 1288
		Tx Bytes:   1901088
		TxOffered:  15.208704 Mbps
		Rx Packets: 12
		Rx Bytes:   17712
		RxDuration: 1.000000 s
		Throughput: 0.141696 Mbps
		Mean delay: +14.912496ms 
		Last packet delay: +27.492853ms 
		Mean jitter: +2.047619ms
	Flow 26 (10.0.2.2:49176 -> 7.0.0.25:2000) proto UDP
		Tx Packets: 830
		Tx Bytes:   1225080
		TxOffered:  9.800640 Mbps
		Rx Packets: 9
		Rx Bytes:   13284
		RxDuration: 1.000000 s
		Throughput: 0.106272 Mbps
		Mean delay: +17.782535ms 
		Last packet delay: +29.564281ms 
		Mean jitter: +2.841270ms
	Flow 27 (10.0.2.2:49177 -> 7.0.0.26:2000) proto UDP
		Tx Packets: 768
		Tx Bytes:   1133568
		TxOffered:  9.068544 Mbps
		Rx Packets: 11
		Rx Bytes:   16236
		RxDuration: 1.000000 s
		Throughput: 0.129888 Mbps
		Mean delay: +13.112983ms 
		Last packet delay: +24.528567ms 
		Mean jitter: +1.957792ms
	Flow 28 (10.0.2.2:49178 -> 7.0.0.27:2000) proto UDP
		Tx Packets: 1469
		Tx Bytes:   2168244
		TxOffered:  17.345952 Mbps
		Rx Packets: 13
		Rx Bytes:   19188
		RxDuration: 1.000000 s
		Throughput: 0.153504 Mbps
		Mean delay: +15.286809ms 
		Last packet delay: +28.064281ms 
		Mean jitter: +1.925824ms
	Flow 29 (10.0.2.2:49179 -> 7.0.0.28:2000) proto UDP
		Tx Packets: 1379
		Tx Bytes:   2035404
		TxOffered:  16.283232 Mbps
		Rx Packets: 6
		Rx Bytes:   8856
		RxDuration: 1.000000 s
		Throughput: 0.070848 Mbps
		Mean delay: +33.123808ms 
		Last packet delay: +36.207141ms 
		Mean jitter: +1.333333ms
	Flow 30 (10.0.2.2:49180 -> 7.0.0.29:2000) proto UDP
		Tx Packets: 894
		Tx Bytes:   1319544
		TxOffered:  10.556352 Mbps
		Rx Packets: 10
		Rx Bytes:   14760
		RxDuration: 1.000000 s
		Throughput: 0.118080 Mbps
		Mean delay: +14.496426ms 
		Last packet delay: +25.814283ms 
		Mean jitter: +2.246429ms
	Flow 31 (10.0.2.2:49181 -> 7.0.0.30:2000) proto UDP
		Tx Packets: 1889
		Tx Bytes:   2788164
		TxOffered:  22.305312 Mbps
		Rx Packets: 13
		Rx Bytes:   19188
		RxDuration: 1.000000 s
		Throughput: 0.153504 Mbps
		Mean delay: +15.039558ms 
		Last packet delay: +27.778569ms 
		Mean jitter: +1.920330ms
	Flow 32 (10.0.2.2:49182 -> 7.0.0.31:2000) proto UDP
		Tx Packets: 1485
		Tx Bytes:   2191860
		TxOffered:  17.534880 Mbps
		Rx Packets: 12
		Rx Bytes:   17712
		RxDuration: 1.000000 s
		Throughput: 0.141696 Mbps
		Mean delay: +14.730950ms 
		Last packet delay: +27.242855ms 
		Mean jitter: +2.038690ms
	Flow 33 (10.0.2.2:49183 -> 7.0.0.32:2000) proto UDP
		Tx Packets: 956
		Tx Bytes:   1411056
		TxOffered:  11.288448 Mbps
		Rx Packets: 13
		Rx Bytes:   19188
		RxDuration: 1.000000 s
		Throughput: 0.153504 Mbps
		Mean delay: +14.968130ms 
		Last packet delay: +27.707141ms 
		Mean jitter: +1.920330ms
	Flow 34 (10.0.2.2:49184 -> 7.0.0.33:2000) proto UDP
		Tx Packets: 1195
		Tx Bytes:   1763820
		TxOffered:  14.110560 Mbps
		Rx Packets: 13
		Rx Bytes:   19188
		RxDuration: 1.000000 s
		Throughput: 0.153504 Mbps
		Mean delay: +15.492855ms 
		Last packet delay: +27.671427ms 
		Mean jitter: +1.920330ms
	Flow 35 (10.0.2.2:49185 -> 7.0.0.34:2000) proto UDP
		Tx Packets: 548
		Tx Bytes:   808848
		TxOffered:  6.470784 Mbps
		Rx Packets: 12
		Rx Bytes:   17712
		RxDuration: 1.000000 s
		Throughput: 0.141696 Mbps
		Mean delay: +17.210115ms 
		Last packet delay: +33.064281ms 
		Mean jitter: +2.333333ms
	Flow 36 (10.0.2.2:49186 -> 7.0.0.35:2000) proto UDP
		Tx Packets: 1205
		Tx Bytes:   1778580
		TxOffered:  14.228640 Mbps
		Rx Packets: 6
		Rx Bytes:   8856
		RxDuration: 1.000000 s
		Throughput: 0.070848 Mbps
		Mean delay: +31.790472ms 
		Last packet delay: +34.457139ms 
		Mean jitter: +0.833333ms
	Flow 37 (10.0.2.2:49187 -> 7.0.0.36:2000) proto UDP
		Tx Packets: 1389
		Tx Bytes:   2050164
		TxOffered:  16.401312 Mbps
		Rx Packets: 6
		Rx Bytes:   8856
		RxDuration: 1.000000 s
		Throughput: 0.070848 Mbps
		Mean delay: +34.070234ms 
		Last packet delay: +36.564281ms 
		Mean jitter: +1.023809ms
	Flow 38 (10.0.2.2:49188 -> 7.0.0.37:2000) proto UDP
		Tx Packets: 1069
		Tx Bytes:   1577844
		TxOffered:  12.622752 Mbps
		Rx Packets: 6
		Rx Bytes:   8856
		RxDuration: 1.000000 s
		Throughput: 0.070848 Mbps
		Mean delay: +33.927378ms 
		Last packet delay: +36.671427ms 
		Mean jitter: +1.303572ms
	Flow 39 (10.0.2.2:49189 -> 7.0.0.38:2000) proto UDP
		Tx Packets: 1033
		Tx Bytes:   1524708
		TxOffered:  12.197664 Mbps
		Rx Packets: 11
		Rx Bytes:   16236
		RxDuration: 1.000000 s
		Throughput: 0.129888 Mbps
		Mean delay: +13.703893ms 
		Last packet delay: +25.385711ms 
		Mean jitter: +2.045455ms
	Flow 40 (10.0.2.2:49190 -> 7.0.0.39:2000) proto UDP
		Tx Packets: 1650
		Tx Bytes:   2435400
		TxOffered:  19.483200 Mbps
		Rx Packets: 6
		Rx Bytes:   8856
		RxDuration: 1.000000 s
		Throughput: 0.070848 Mbps
		Mean delay: +30.415473ms 
		Last packet delay: +34.885711ms 
		Mean jitter: +1.505952ms
	Flow 41 (10.0.2.2:49191 -> 7.0.0.40:2000) proto UDP
		Tx Packets: 1691
		Tx Bytes:   2495916
		TxOffered:  19.967328 Mbps
		Rx Packets: 6
		Rx Bytes:   8856
		RxDuration: 1.000000 s
		Throughput: 0.070848 Mbps
		Mean delay: +33.397616ms 
		Last packet delay: +35.849997ms 
		Mean jitter: +1.095238ms
	Flow 42 (10.0.2.2:49192 -> 7.0.0.41:2000) proto UDP
		Tx Packets: 1000
		Tx Bytes:   1476000
		TxOffered:  11.808000 Mbps
		Rx Packets: 6
		Rx Bytes:   8856
		RxDuration: 1.000000 s
		Throughput: 0.070848 Mbps
		Mean delay: +32.338093ms 
		Last packet delay: +35.349997ms 
		Mean jitter: +1.184524ms
	Flow 43 (10.0.2.2:49193 -> 7.0.0.42:2000) proto UDP
		Tx Packets: 1701
		Tx Bytes:   2510676
		TxOffered:  20.085408 Mbps
		Rx Packets: 9
		Rx Bytes:   13284
		RxDuration: 1.000000 s
		Throughput: 0.106272 Mbps
		Mean delay: +18.679361ms 
		Last packet delay: +25.564281ms 
		Mean jitter: +1.738095ms
	Flow 44 (10.0.2.2:49194 -> 7.0.0.43:2000) proto UDP
		Tx Packets: 1891
		Tx Bytes:   2791116
		TxOffered:  22.328928 Mbps
		Rx Packets: 3
		Rx Bytes:   4428
		RxDuration: 1.000000 s
		Throughput: 0.035424 Mbps
		Mean delay: +5.421425ms 
		Last packet delay: +7.921425ms 
		Mean jitter: +1.666667ms
	Flow 45 (10.0.2.2:49195 -> 7.0.0.44:2000) proto UDP
		Tx Packets: 1436
		Tx Bytes:   2119536
		TxOffered:  16.956288 Mbps
		Rx Packets: 13
		Rx Bytes:   19188
		RxDuration: 1.000000 s
		Throughput: 0.153504 Mbps
		Mean delay: +13.344502ms 
		Last packet delay: +24.028567ms 
		Mean jitter: +1.620879ms
	Flow 46 (10.0.2.2:49196 -> 7.0.0.45:2000) proto UDP
		Tx Packets: 1148
		Tx Bytes:   1694448
		TxOffered:  13.555584 Mbps
		Rx Packets: 14
		Rx Bytes:   20664
		RxDuration: 1.000000 s
		Throughput: 0.165312 Mbps
		Mean delay: +14.214792ms 
		Last packet delay: +25.064281ms 
		Mean jitter: +1.576531ms
	Flow 47 (10.0.2.2:49197 -> 7.0.0.46:2000) proto UDP
		Tx Packets: 901
		Tx Bytes:   1329876
		TxOffered:  10.639008 Mbps
		Rx Packets: 12
		Rx Bytes:   17712
		RxDuration: 1.000000 s
		Throughput: 0.141696 Mbps
		Mean delay: +13.031543ms 
		Last packet delay: +22.528567ms 
		Mean jitter: +1.625000ms
	Flow 48 (10.0.2.2:49198 -> 7.0.0.47:2000) proto UDP
		Tx Packets: 1291
		Tx Bytes:   1905516
		TxOffered:  15.244128 Mbps
		Rx Packets: 12
		Rx Bytes:   17712
		RxDuration: 1.000000 s
		Throughput: 0.141696 Mbps
		Mean delay: +12.561305ms 
		Last packet delay: +22.564281ms 
		Mean jitter: +1.625000ms
	Flow 49 (10.0.2.2:49199 -> 7.0.0.48:2000) proto UDP
		Tx Packets: 1529
		Tx Bytes:   2256804
		TxOffered:  18.054432 Mbps
		Rx Packets: 6
		Rx Bytes:   8856
		RxDuration: 1.000000 s
		Throughput: 0.070848 Mbps
		Mean delay: +27.058331ms 
		Last packet delay: +29.421425ms 
		Mean jitter: +0.928571ms
	Flow 50 (10.0.2.2:49200 -> 7.0.0.49:2000) proto UDP
		Tx Packets: 2081
		Tx Bytes:   3071556
		TxOffered:  24.572448 Mbps
		Rx Packets: 14
		Rx Bytes:   20664
		RxDuration: 1.000000 s
		Throughput: 0.165312 Mbps
		Mean delay: +14.033671ms 
		Last packet delay: +24.742855ms 
		Mean jitter: +1.563776ms
	Flow 51 (10.0.2.2:49201 -> 7.0.0.50:2000) proto UDP
		Tx Packets: 1043
		Tx Bytes:   1539468
		TxOffered:  12.315744 Mbps
		Rx Packets: 12
		Rx Bytes:   17712
		RxDuration: 1.000000 s
		Throughput: 0.141696 Mbps
		Mean delay: +13.861901ms 
		Last packet delay: +23.278569ms 
		Mean jitter: +1.705357ms
	Flow 52 (10.0.2.2:49202 -> 7.0.0.51:2000) proto UDP
		Tx Packets: 1664
		Tx Bytes:   2456064
		TxOffered:  19.648512 Mbps
		Rx Packets: 12
		Rx Bytes:   17712
		RxDuration: 1.000000 s
		Throughput: 0.141696 Mbps
		Mean delay: +14.665474ms 
		Last packet delay: +25.707141ms 
		Mean jitter: +1.869048ms
	Flow 53 (10.0.2.2:49203 -> 7.0.0.52:2000) proto UDP
		Tx Packets: 854
		Tx Bytes:   1260504
		TxOffered:  10.084032 Mbps
		Rx Packets: 13
		Rx Bytes:   19188
		RxDuration: 1.000000 s
		Throughput: 0.153504 Mbps
		Mean delay: +13.102745ms 
		Last packet delay: +23.707141ms 
		Mean jitter: +1.612637ms
	Flow 54 (10.0.2.2:49204 -> 7.0.0.53:2000) proto UDP
		Tx Packets: 787
		Tx Bytes:   1161612
		TxOffered:  9.292896 Mbps
		Rx Packets: 13
		Rx Bytes:   19188
		RxDuration: 1.000000 s
		Throughput: 0.153504 Mbps
		Mean delay: +13.067031ms 
		Last packet delay: +23.671427ms 
		Mean jitter: +1.612637ms
	Flow 55 (10.0.2.2:49205 -> 7.0.0.54:2000) proto UDP
		Tx Packets: 1093
		Tx Bytes:   1613268
		TxOffered:  12.906144 Mbps
		Rx Packets: 11
		Rx Bytes:   16236
		RxDuration: 1.000000 s
		Throughput: 0.129888 Mbps
		Mean delay: +19.535063ms 
		Last packet delay: +29.349997ms 
		Mean jitter: +2.425325ms
	Flow 56 (10.0.2.2:49206 -> 7.0.0.55:2000) proto UDP
		Tx Packets: 1993
		Tx Bytes:   2941668
		TxOffered:  23.533344 Mbps
		Rx Packets: 6
		Rx Bytes:   8856
		RxDuration: 1.000000 s
		Throughput: 0.070848 Mbps
		Mean delay: +26.445234ms 
		Last packet delay: +28.564281ms 
		Mean jitter: +0.767857ms
	Flow 57 (10.0.2.2:49207 -> 7.0.0.56:2000) proto UDP
		Tx Packets: 1631
		Tx Bytes:   2407356
		TxOffered:  19.258848 Mbps
		Rx Packets: 6
		Rx Bytes:   8856
		RxDuration: 1.000000 s
		Throughput: 0.070848 Mbps
		Mean delay: +27.492853ms 
		Last packet delay: +29.528567ms 
		Mean jitter: +0.684524ms
	Flow 58 (10.0.2.2:49208 -> 7.0.0.57:2000) proto UDP
		Tx Packets: 2335
		Tx Bytes:   3446460
		TxOffered:  27.571680 Mbps
		Rx Packets: 6
		Rx Bytes:   8856
		RxDuration: 1.000000 s
		Throughput: 0.070848 Mbps
		Mean delay: +27.349996ms 
		Last packet delay: +28.992853ms 
		Mean jitter: +0.601190ms
	Flow 59 (10.0.2.2:49209 -> 7.0.0.58:2000) proto UDP
		Tx Packets: 685
		Tx Bytes:   1011060
		TxOffered:  8.088480 Mbps
		Rx Packets: 13
		Rx Bytes:   19188
		RxDuration: 1.000000 s
		Throughput: 0.153504 Mbps
		Mean delay: +13.382964ms 
		Last packet delay: +25.349997ms 
		Mean jitter: +1.728022ms
	Flow 60 (10.0.2.2:49210 -> 7.0.0.59:2000) proto UDP
		Tx Packets: 1839
		Tx Bytes:   2714364
		TxOffered:  21.714912 Mbps
		Rx Packets: 9
		Rx Bytes:   13284
		RxDuration: 1.000000 s
		Throughput: 0.106272 Mbps
		Mean delay: +17.532537ms 
		Last packet delay: +23.921425ms 
		Mean jitter: +1.563492ms
	Flow 61 (10.0.2.2:49211 -> 7.0.0.60:2000) proto UDP
		Tx Packets: 1009
		Tx Bytes:   1489284
		TxOffered:  11.914272 Mbps
		Rx Packets: 6
		Rx Bytes:   8856
		RxDuration: 1.000000 s
		Throughput: 0.070848 Mbps
		Mean delay: +26.349997ms 
		Last packet delay: +28.385711ms 
		Mean jitter: +0.750000ms
	Flow 62 (10.0.2.2:49212 -> 7.0.0.61:2000) proto UDP
		Tx Packets: 564
		Tx Bytes:   832464
		TxOffered:  6.659712 Mbps
		Rx Packets: 6
		Rx Bytes:   8856
		RxDuration: 1.000000 s
		Throughput: 0.070848 Mbps
		Mean delay: +27.594045ms 
		Last packet delay: +29.492853ms 
		Mean jitter: +0.702381ms


	Mean flow throughput: 0.113128 Mbps
	Mean flow delay: +19.256176ms
	Median flow delay: +15.918179ms
Report flow stats +2400.000000ms, Current measuring time +100.000000ms
	Flow 61 (10.0.2.2:49211 -> 7.0.0.60:2000) proto UDP
		Tx Packets: 494
		Tx Bytes:   729144
		TxOffered:  5.833152 Mbps
		Rx Packets: 7
		Rx Bytes:   10332
		RxDuration: 1.000000 s
		Throughput: 0.082656 Mbps
		Mean delay: +4.790815ms 
		Last packet delay: +4.994898ms 
		Mean jitter: +0.040817ms


	Mean flow throughput: 0.001333 Mbps
	Mean flow delay: +0.077271ms
	Median flow delay: +0.000000ms
Report flow stats +3400.000000ms, Current measuring time +100.000000ms


	Mean flow throughput: 0.000000 Mbps
	Mean flow delay: +0.000000ms
	Median flow delay: +0.000000ms
Report flow stats +4400.000000ms, Current measuring time +100.000000ms
	Flow 49 (10.0.2.2:49199 -> 7.0.0.48:2000) proto UDP
		Tx Packets: 1747
		Tx Bytes:   2578572
		TxOffered:  20.628576 Mbps
		Rx Packets: 7
		Rx Bytes:   10332
		RxDuration: 1.000000 s
		Throughput: 0.082656 Mbps
		Mean delay: +4.811496ms 
		Last packet delay: +4.995170ms 
		Mean jitter: +0.045919ms


	Mean flow throughput: 0.001333 Mbps
	Mean flow delay: +0.077605ms
	Median flow delay: +0.000000ms
Report flow stats +5400.000000ms, Current measuring time +100.000000ms
	Flow 17 (10.0.2.2:49167 -> 7.0.0.16:2000) proto UDP
		Tx Packets: 1623
		Tx Bytes:   2395548
		TxOffered:  19.164384 Mbps
		Rx Packets: 7
		Rx Bytes:   10332
		RxDuration: 1.000000 s
		Throughput: 0.082656 Mbps
		Mean delay: +4.779150ms 
		Last packet delay: +4.983233ms 
		Mean jitter: +0.040817ms


	Mean flow throughput: 0.001333 Mbps
	Mean flow delay: +0.077083ms
	Median flow delay: +0.000000ms
Report flow stats +6400.000000ms, Current measuring time +100.000000ms
	Flow 4 (10.0.2.2:49154 -> 7.0.0.3:2000) proto UDP
		Tx Packets: 1625
		Tx Bytes:   2398500
		TxOffered:  19.188000 Mbps
		Rx Packets: 7
		Rx Bytes:   10332
		RxDuration: 1.000000 s
		Throughput: 0.082656 Mbps
		Mean delay: +5.393099ms 
		Last packet delay: +5.852283ms 
		Mean jitter: +0.137755ms


	Mean flow throughput: 0.001333 Mbps
	Mean flow delay: +0.086985ms
	Median flow delay: +0.000000ms
Report flow stats +7400.000000ms, Current measuring time +100.000000ms
	Flow 61 (10.0.2.2:49211 -> 7.0.0.60:2000) proto UDP
		Tx Packets: 2292
		Tx Bytes:   3382992
		TxOffered:  27.063936 Mbps
		Rx Packets: 7
		Rx Bytes:   10332
		RxDuration: 1.000000 s
		Throughput: 0.082656 Mbps
		Mean delay: +4.885166ms 
		Last packet delay: +5.063739ms 
		Mean jitter: +0.035715ms


	Mean flow throughput: 0.001333 Mbps
	Mean flow delay: +0.078793ms
	Median flow delay: +0.000000ms
Report flow stats +8400.000000ms, Current measuring time +100.000000ms


	Mean flow throughput: 0.000000 Mbps
	Mean flow delay: +0.000000ms
	Median flow delay: +0.000000ms
Report flow stats +9400.000000ms, Current measuring time +100.000000ms


	Mean flow throughput: 0.000000 Mbps
	Mean flow delay: +0.000000ms
	Median flow delay: +0.000000ms
Report flow stats +10400.000000ms, Current measuring time +100.000000ms


	Mean flow throughput: 0.000000 Mbps
	Mean flow delay: +0.000000ms
	Median flow delay: +0.000000ms
Report flow stats +11400.000000ms, Current measuring time +100.000000ms


	Mean flow throughput: 0.000000 Mbps
	Mean flow delay: +0.000000ms
	Median flow delay: +0.000000ms
Report flow stats +12400.000000ms, Current measuring time +100.000000ms
	Flow 48 (10.0.2.2:49198 -> 7.0.0.47:2000) proto UDP
		Tx Packets: 1206
		Tx Bytes:   1780056
		TxOffered:  14.240448 Mbps
		Rx Packets: 7
		Rx Bytes:   10332
		RxDuration: 1.000000 s
		Throughput: 0.082656 Mbps
		Mean delay: +4.824850ms 
		Last packet delay: +5.003423ms 
		Mean jitter: +0.035715ms


	Mean flow throughput: 0.001333 Mbps
	Mean flow delay: +0.077820ms
	Median flow delay: +0.000000ms
Report flow stats +13400.000000ms, Current measuring time +100.000000ms


	Mean flow throughput: 0.000000 Mbps
	Mean flow delay: +0.000000ms
	Median flow delay: +0.000000ms
Report flow stats +14400.000000ms, Current measuring time +100.000000ms
	Flow 49 (10.0.2.2:49199 -> 7.0.0.48:2000) proto UDP
		Tx Packets: 1097
		Tx Bytes:   1619172
		TxOffered:  12.953376 Mbps
		Rx Packets: 7
		Rx Bytes:   10332
		RxDuration: 1.000000 s
		Throughput: 0.082656 Mbps
		Mean delay: +4.844105ms 
		Last packet delay: +5.027779ms 
		Mean jitter: +0.045919ms


	Mean flow throughput: 0.001333 Mbps
	Mean flow delay: +0.078131ms
	Median flow delay: +0.000000ms
Report flow stats +15400.000000ms, Current measuring time +100.000000ms


	Mean flow throughput: 0.000000 Mbps
	Mean flow delay: +0.000000ms
	Median flow delay: +0.000000ms
Report flow stats +16400.000000ms, Current measuring time +100.000000ms


	Mean flow throughput: 0.000000 Mbps
	Mean flow delay: +0.000000ms
	Median flow delay: +0.000000ms
Report flow stats +17400.000000ms, Current measuring time +100.000000ms
	Flow 50 (10.0.2.2:49200 -> 7.0.0.49:2000) proto UDP
		Tx Packets: 761
		Tx Bytes:   1123236
		TxOffered:  8.985888 Mbps
		Rx Packets: 7
		Rx Bytes:   10332
		RxDuration: 1.000000 s
		Throughput: 0.082656 Mbps
		Mean delay: +4.813545ms 
		Last packet delay: +4.997219ms 
		Mean jitter: +0.045919ms
	Flow 55 (10.0.2.2:49205 -> 7.0.0.54:2000) proto UDP
		Tx Packets: 2177
		Tx Bytes:   3213252
		TxOffered:  25.706016 Mbps
		Rx Packets: 7
		Rx Bytes:   10332
		RxDuration: 1.000000 s
		Throughput: 0.082656 Mbps
		Mean delay: +4.890745ms 
		Last packet delay: +5.074419ms 
		Mean jitter: +0.045919ms


	Mean flow throughput: 0.002666 Mbps
	Mean flow delay: +0.156521ms
	Median flow delay: +0.000000ms
Report flow stats +18400.000000ms, Current measuring time +100.000000ms


	Mean flow throughput: 0.000000 Mbps
	Mean flow delay: +0.000000ms
	Median flow delay: +0.000000ms
Report flow stats +19400.000000ms, Current measuring time +100.000000ms


	Mean flow throughput: 0.000000 Mbps
	Mean flow delay: +0.000000ms
	Median flow delay: +0.000000ms
Report flow stats +20400.000000ms, Current measuring time +100.000000ms


	Mean flow throughput: 0.000000 Mbps
	Mean flow delay: +0.000000ms
	Median flow delay: +0.000000ms
Report flow stats +21400.000000ms, Current measuring time +100.000000ms


	Mean flow throughput: 0.000000 Mbps
	Mean flow delay: +0.000000ms
	Median flow delay: +0.000000ms
Report flow stats +22400.000000ms, Current measuring time +100.000000ms


	Mean flow throughput: 0.000000 Mbps
	Mean flow delay: +0.000000ms
	Median flow delay: +0.000000ms
Report flow stats +23400.000000ms, Current measuring time +100.000000ms


	Mean flow throughput: 0.000000 Mbps
	Mean flow delay: +0.000000ms
	Median flow delay: +0.000000ms
Report flow stats +24400.000000ms, Current measuring time +100.000000ms


	Mean flow throughput: 0.000000 Mbps
	Mean flow delay: +0.000000ms
	Median flow delay: +0.000000ms
Report flow stats +25400.000000ms, Current measuring time +100.000000ms


	Mean flow throughput: 0.000000 Mbps
	Mean flow delay: +0.000000ms
	Median flow delay: +0.000000ms
Report flow stats +26400.000000ms, Current measuring time +100.000000ms
	Flow 59 (10.0.2.2:49209 -> 7.0.0.58:2000) proto UDP
		Tx Packets: 1260
		Tx Bytes:   1859760
		TxOffered:  14.878080 Mbps
		Rx Packets: 7
		Rx Bytes:   10332
		RxDuration: 1.000000 s
		Throughput: 0.082656 Mbps
		Mean delay: +4.808254ms 
		Last packet delay: +5.012337ms 
		Mean jitter: +0.040817ms


	Mean flow throughput: 0.001333 Mbps
	Mean flow delay: +0.077552ms
	Median flow delay: +0.000000ms
Report flow stats +27400.000000ms, Current measuring time +100.000000ms


	Mean flow throughput: 0.000000 Mbps
	Mean flow delay: +0.000000ms
	Median flow delay: +0.000000ms
Report flow stats +28400.000000ms, Current measuring time +100.000000ms
	Flow 50 (10.0.2.2:49200 -> 7.0.0.49:2000) proto UDP
		Tx Packets: 1323
		Tx Bytes:   1952748
		TxOffered:  15.621984 Mbps
		Rx Packets: 7
		Rx Bytes:   10332
		RxDuration: 1.000000 s
		Throughput: 0.082656 Mbps
		Mean delay: +4.794718ms 
		Last packet delay: +4.978392ms 
		Mean jitter: +0.045919ms


	Mean flow throughput: 0.001333 Mbps
	Mean flow delay: +0.077334ms
	Median flow delay: +0.000000ms
Report flow stats +29400.000000ms, Current measuring time +100.000000ms


	Mean flow throughput: 0.000000 Mbps
	Mean flow delay: +0.000000ms
	Median flow delay: +0.000000ms
Report flow stats +30400.000000ms, Current measuring time +100.000000ms
	Flow 44 (10.0.2.2:49194 -> 7.0.0.43:2000) proto UDP
		Tx Packets: 1022
		Tx Bytes:   1508472
		TxOffered:  12.067776 Mbps
		Rx Packets: 7
		Rx Bytes:   10332
		RxDuration: 1.000000 s
		Throughput: 0.082656 Mbps
		Mean delay: +4.946243ms 
		Last packet delay: +5.129917ms 
		Mean jitter: +0.045919ms


	Mean flow throughput: 0.001333 Mbps
	Mean flow delay: +0.079778ms
	Median flow delay: +0.000000ms
Report flow stats +31400.000000ms, Current measuring time +100.000000ms


	Mean flow throughput: 0.000000 Mbps
	Mean flow delay: +0.000000ms
	Median flow delay: +0.000000ms
Report flow stats +32400.000000ms, Current measuring time +100.000000ms


	Mean flow throughput: 0.000000 Mbps
	Mean flow delay: +0.000000ms
	Median flow delay: +0.000000ms
Report flow stats +33400.000000ms, Current measuring time +100.000000ms
	Flow 53 (10.0.2.2:49203 -> 7.0.0.52:2000) proto UDP
		Tx Packets: 1138
		Tx Bytes:   1679688
		TxOffered:  13.437504 Mbps
		Rx Packets: 7
		Rx Bytes:   10332
		RxDuration: 1.000000 s
		Throughput: 0.082656 Mbps
		Mean delay: +5.101394ms 
		Last packet delay: +5.305477ms 
		Mean jitter: +0.040817ms


	Mean flow throughput: 0.001333 Mbps
	Mean flow delay: +0.082281ms
	Median flow delay: +0.000000ms
Report flow stats +34400.000000ms, Current measuring time +100.000000ms


	Mean flow throughput: 0.000000 Mbps
	Mean flow delay: +0.000000ms
	Median flow delay: +0.000000ms
Report flow stats +35400.000000ms, Current measuring time +100.000000ms


	Mean flow throughput: 0.000000 Mbps
	Mean flow delay: +0.000000ms
	Median flow delay: +0.000000ms
Report flow stats +36400.000000ms, Current measuring time +100.000000ms
	Flow 56 (10.0.2.2:49206 -> 7.0.0.55:2000) proto UDP
		Tx Packets: 866
		Tx Bytes:   1278216
		TxOffered:  10.225728 Mbps
		Rx Packets: 7
		Rx Bytes:   10332
		RxDuration: 1.000000 s
		Throughput: 0.082656 Mbps
		Mean delay: +5.076328ms 
		Last packet delay: +5.300818ms 
		Mean jitter: +0.056123ms
	Flow 59 (10.0.2.2:49209 -> 7.0.0.58:2000) proto UDP
		Tx Packets: 2053
		Tx Bytes:   3030228
		TxOffered:  24.241824 Mbps
		Rx Packets: 7
		Rx Bytes:   10332
		RxDuration: 1.000000 s
		Throughput: 0.082656 Mbps
		Mean delay: +4.979104ms 
		Last packet delay: +5.183187ms 
		Mean jitter: +0.040817ms


	Mean flow throughput: 0.002666 Mbps
	Mean flow delay: +0.162184ms
	Median flow delay: +0.000000ms
Report flow stats +37400.000000ms, Current measuring time +100.000000ms
	Flow 18 (10.0.2.2:49168 -> 7.0.0.17:2000) proto UDP
		Tx Packets: 952
		Tx Bytes:   1405152
		TxOffered:  11.241216 Mbps
		Rx Packets: 7
		Rx Bytes:   10332
		RxDuration: 1.000000 s
		Throughput: 0.082656 Mbps
		Mean delay: +4.777994ms 
		Last packet delay: +4.982077ms 
		Mean jitter: +0.040817ms


	Mean flow throughput: 0.001333 Mbps
	Mean flow delay: +0.077064ms
	Median flow delay: +0.000000ms
Report flow stats +38400.000000ms, Current measuring time +100.000000ms


	Mean flow throughput: 0.000000 Mbps
	Mean flow delay: +0.000000ms
	Median flow delay: +0.000000ms
Report flow stats +39400.000000ms, Current measuring time +100.000000ms
	Flow 41 (10.0.2.2:49191 -> 7.0.0.40:2000) proto UDP
		Tx Packets: 894
		Tx Bytes:   1319544
		TxOffered:  10.556352 Mbps
		Rx Packets: 7
		Rx Bytes:   10332
		RxDuration: 1.000000 s
		Throughput: 0.082656 Mbps
		Mean delay: +4.857872ms 
		Last packet delay: +5.061955ms 
		Mean jitter: +0.040817ms


	Mean flow throughput: 0.001333 Mbps
	Mean flow delay: +0.078353ms
	Median flow delay: +0.000000ms
Report flow stats +40400.000000ms, Current measuring time +100.000000ms


	Mean flow throughput: 0.000000 Mbps
	Mean flow delay: +0.000000ms
	Median flow delay: +0.000000ms
Report flow stats +41400.000000ms, Current measuring time +100.000000ms


	Mean flow throughput: 0.000000 Mbps
	Mean flow delay: +0.000000ms
	Median flow delay: +0.000000ms
Report flow stats +42400.000000ms, Current measuring time +100.000000ms
	Flow 5 (10.0.2.2:49155 -> 7.0.0.4:2000) proto UDP
		Tx Packets: 1552
		Tx Bytes:   2290752
		TxOffered:  18.326016 Mbps
		Rx Packets: 7
		Rx Bytes:   10332
		RxDuration: 1.000000 s
		Throughput: 0.082656 Mbps
		Mean delay: +4.946886ms 
		Last packet delay: +5.150969ms 
		Mean jitter: +0.040817ms


	Mean flow throughput: 0.001333 Mbps
	Mean flow delay: +0.079788ms
	Median flow delay: +0.000000ms
Report flow stats +43400.000000ms, Current measuring time +100.000000ms


	Mean flow throughput: 0.000000 Mbps
	Mean flow delay: +0.000000ms
	Median flow delay: +0.000000ms
Report flow stats +44400.000000ms, Current measuring time +100.000000ms


	Mean flow throughput: 0.000000 Mbps
	Mean flow delay: +0.000000ms
	Median flow delay: +0.000000ms
Report flow stats +45400.000000ms, Current measuring time +100.000000ms


	Mean flow throughput: 0.000000 Mbps
	Mean flow delay: +0.000000ms
	Median flow delay: +0.000000ms
Report flow stats +46400.000000ms, Current measuring time +100.000000ms


	Mean flow throughput: 0.000000 Mbps
	Mean flow delay: +0.000000ms
	Median flow delay: +0.000000ms
Report flow stats +47400.000000ms, Current measuring time +100.000000ms


	Mean flow throughput: 0.000000 Mbps
	Mean flow delay: +0.000000ms
	Median flow delay: +0.000000ms
Report flow stats +48400.000000ms, Current measuring time +100.000000ms


	Mean flow throughput: 0.000000 Mbps
	Mean flow delay: +0.000000ms
	Median flow delay: +0.000000ms
Report flow stats +49400.000000ms, Current measuring time +100.000000ms
	Flow 4 (10.0.2.2:49154 -> 7.0.0.3:2000) proto UDP
		Tx Packets: 994
		Tx Bytes:   1467144
		TxOffered:  11.737152 Mbps
		Rx Packets: 7
		Rx Bytes:   10332
		RxDuration: 1.000000 s
		Throughput: 0.082656 Mbps
		Mean delay: +5.114656ms 
		Last packet delay: +5.609555ms 
		Mean jitter: +0.127551ms


	Mean flow throughput: 0.001333 Mbps
	Mean flow delay: +0.082494ms
	Median flow delay: +0.000000ms
Report flow stats +50400.000000ms, Current measuring time +100.000000ms


	Mean flow throughput: 0.000000 Mbps
	Mean flow delay: +0.000000ms
	Median flow delay: +0.000000ms
Report flow stats +51400.000000ms, Current measuring time +100.000000ms


	Mean flow throughput: 0.000000 Mbps
	Mean flow delay: +0.000000ms
	Median flow delay: +0.000000ms
Report flow stats +52400.000000ms, Current measuring time +100.000000ms


	Mean flow throughput: 0.000000 Mbps
	Mean flow delay: +0.000000ms
	Median flow delay: +0.000000ms
Report flow stats +53400.000000ms, Current measuring time +100.000000ms


	Mean flow throughput: 0.000000 Mbps
	Mean flow delay: +0.000000ms
	Median flow delay: +0.000000ms
Report flow stats +54400.000000ms, Current measuring time +100.000000ms


	Mean flow throughput: 0.000000 Mbps
	Mean flow delay: +0.000000ms
	Median flow delay: +0.000000ms
Report flow stats +55400.000000ms, Current measuring time +100.000000ms


	Mean flow throughput: 0.000000 Mbps
	Mean flow delay: +0.000000ms
	Median flow delay: +0.000000ms
Report flow stats +56400.000000ms, Current measuring time +100.000000ms


	Mean flow throughput: 0.000000 Mbps
	Mean flow delay: +0.000000ms
	Median flow delay: +0.000000ms
Report flow stats +57400.000000ms, Current measuring time +100.000000ms


	Mean flow throughput: 0.000000 Mbps
	Mean flow delay: +0.000000ms
	Median flow delay: +0.000000ms
Report flow stats +58400.000000ms, Current measuring time +100.000000ms


	Mean flow throughput: 0.000000 Mbps
	Mean flow delay: +0.000000ms
	Median flow delay: +0.000000ms
Report flow stats +59400.000000ms, Current measuring time +100.000000ms


	Mean flow throughput: 0.000000 Mbps
	Mean flow delay: +0.000000ms
	Median flow delay: +0.000000ms
Report flow stats +60400.000000ms, Current measuring time +100.000000ms


	Mean flow throughput: 0.000000 Mbps
	Mean flow delay: +0.000000ms
	Median flow delay: +0.000000ms
